<?xml version="1.0" encoding="UTF-8"?>
<testsuite name="com.lostastra.duroodcounter.ExampleUnitTest" tests="1" skipped="0" failures="0" errors="0" timestamp="2025-09-14T19:12:55.340Z" hostname="KAMILS-LAPTOP" time="0.005">
  <properties/>
  <testcase name="addition_isCorrect" classname="com.lostastra.duroodcounter.ExampleUnitTest" time="0.005"/>
  <system-out><![CDATA[]]></system-out>
  <system-err><![CDATA[]]></system-err>
</testsuite>
